<?xml version="1.0" encoding="UTF-8"?>
<!-- Generated by org.testng.reporters.JUnitXMLReporter -->
<testsuite ignored="3" hostname="Suraj" failures="0" tests="6" name="Alltesting" time="0.024" errors="0" timestamp="2023-10-05T12:53:54 IST">
  <testcase classname="TestScenario1.Sample1" name="loginSample1" time="0.002"/>
  <testcase classname="TestScenario1.Sample1" name="loginwithInvaliddata" time="0.001"/>
  <testcase classname="TestScenario1.Sample1" name="loginwithWrongpassword" time="0.001"/>
  <testcase classname="TestScenario1.Sample2" name="login" time="0.003"/>
  <testcase classname="TestScenario1.Sample2" name="Accounts" time="0.003"/>
  <testcase classname="TestScenario1.Sample2" name="createAccount" time="0.001"/>
  <testcase classname="TestScenario1.Sample2" name="Logout" time="0.0">
    <ignored/>
  </testcase> <!-- Logout -->
  <testcase classname="TestScenario1.Sample1" name="openapp" time="0.0">
    <ignored/>
  </testcase> <!-- openapp -->
  <testcase classname="TestScenario1.Sample2" name="opentheAccountPage" time="0.0">
    <ignored/>
  </testcase> <!-- opentheAccountPage -->
</testsuite> <!-- Alltesting -->
