<?xml version="1.0" encoding="UTF-8"?>
<testng-results ignored="9" total="17" passed="8" failed="0" skipped="0">
  <reporter-output>
  </reporter-output>
  <suite started-at="2023-10-11T15:28:24 IST" name="test1" finished-at="2023-10-11T15:29:19 IST" duration-ms="54818">
    <groups>
    </groups>
    <test started-at="2023-10-11T15:28:24 IST" name="POMframework" finished-at="2023-10-11T15:29:19 IST" duration-ms="54818">
      <class name="com.ninja.qa.TestPages.TestRegisterPage">
        <test-method is-config="true" signature="OpenApp()[pri:0, instance:com.ninja.qa.TestPages.TestRegisterPage@2af004b]" started-at="2023-10-11T15:28:47 IST" name="OpenApp" finished-at="2023-10-11T15:28:51 IST" duration-ms="3952" status="PASS">
          <reporter-output>
          </reporter-output>
        </test-method> <!-- OpenApp -->
        <test-method signature="testregisterUser(java.lang.String,java.lang.String,java.lang.String,java.lang.String,java.lang.String,java.lang.String)[pri:49, instance:com.ninja.qa.TestPages.TestRegisterPage@2af004b]" started-at="2023-10-11T15:28:51 IST" name="testregisterUser" data-provider="testdata" finished-at="2023-10-11T15:28:55 IST" duration-ms="4002" status="PASS">
          <params>
            <param index="0">
              <value>
                <![CDATA[Ravi]]>
              </value>
            </param>
            <param index="1">
              <value>
                <![CDATA[Ravi]]>
              </value>
            </param>
            <param index="2">
              <value>
                <![CDATA[ravidemo@gmail.com]]>
              </value>
            </param>
            <param index="3">
              <value>
                <![CDATA[2.345678901E9]]>
              </value>
            </param>
            <param index="4">
              <value>
                <![CDATA[1234.0]]>
              </value>
            </param>
            <param index="5">
              <value>
                <![CDATA[1234.0]]>
              </value>
            </param>
          </params>
          <reporter-output>
          </reporter-output>
        </test-method> <!-- testregisterUser -->
        <test-method is-config="true" signature="CloseApp()[pri:0, instance:com.ninja.qa.TestPages.TestRegisterPage@2af004b]" started-at="2023-10-11T15:28:55 IST" name="CloseApp" finished-at="2023-10-11T15:28:55 IST" duration-ms="180" status="PASS">
          <reporter-output>
          </reporter-output>
        </test-method> <!-- CloseApp -->
        <test-method is-config="true" signature="generateTestStatus(java.lang.reflect.Method,org.testng.ITestResult)[pri:0, instance:com.ninja.qa.TestPages.TestRegisterPage@2af004b]" started-at="2023-10-11T15:28:55 IST" name="generateTestStatus" finished-at="2023-10-11T15:28:55 IST" duration-ms="1" status="PASS">
          <params>
            <param index="0">
              <value>
                <![CDATA[public void com.ninja.qa.TestPages.TestRegisterPage.testregisterUser(java.lang.String,java.lang.String,java.lang.String,java.lang.String,java.lang.String,java.lang.String) throws java.lang.InterruptedException]]>
              </value>
            </param>
            <param index="1">
              <value>
                <![CDATA[[TestResult name=testregisterUser status=SUCCESS method=TestRegisterPage.testregisterUser(java.lang.String,java.lang.String,java.lang.String,java.lang.String,java.lang.String,java.lang.String)[pri:49, instance:com.ninja.qa.TestPages.TestRegisterPage@2af004b] output={null}]]]>
              </value>
            </param>
          </params>
          <reporter-output>
          </reporter-output>
        </test-method> <!-- generateTestStatus -->
        <test-method is-config="true" signature="OpenApp()[pri:0, instance:com.ninja.qa.TestPages.TestRegisterPage@2af004b]" started-at="2023-10-11T15:28:55 IST" name="OpenApp" finished-at="2023-10-11T15:28:59 IST" duration-ms="4428" status="PASS">
          <reporter-output>
          </reporter-output>
        </test-method> <!-- OpenApp -->
        <test-method signature="testregisterUser(java.lang.String,java.lang.String,java.lang.String,java.lang.String,java.lang.String,java.lang.String)[pri:49, instance:com.ninja.qa.TestPages.TestRegisterPage@2af004b]" started-at="2023-10-11T15:28:59 IST" name="testregisterUser" data-provider="testdata" finished-at="2023-10-11T15:29:03 IST" duration-ms="3858" status="PASS">
          <params>
            <param index="0">
              <value>
                <![CDATA[John]]>
              </value>
            </param>
            <param index="1">
              <value>
                <![CDATA[John]]>
              </value>
            </param>
            <param index="2">
              <value>
                <![CDATA[Johndemo@gmail.com]]>
              </value>
            </param>
            <param index="3">
              <value>
                <![CDATA[2.345538901E9]]>
              </value>
            </param>
            <param index="4">
              <value>
                <![CDATA[abc@123]]>
              </value>
            </param>
            <param index="5">
              <value>
                <![CDATA[abc@123]]>
              </value>
            </param>
          </params>
          <reporter-output>
          </reporter-output>
        </test-method> <!-- testregisterUser -->
        <test-method is-config="true" signature="CloseApp()[pri:0, instance:com.ninja.qa.TestPages.TestRegisterPage@2af004b]" started-at="2023-10-11T15:29:03 IST" name="CloseApp" finished-at="2023-10-11T15:29:03 IST" duration-ms="143" status="PASS">
          <reporter-output>
          </reporter-output>
        </test-method> <!-- CloseApp -->
        <test-method is-config="true" signature="generateTestStatus(java.lang.reflect.Method,org.testng.ITestResult)[pri:0, instance:com.ninja.qa.TestPages.TestRegisterPage@2af004b]" started-at="2023-10-11T15:29:03 IST" name="generateTestStatus" finished-at="2023-10-11T15:29:03 IST" duration-ms="0" status="PASS">
          <params>
            <param index="0">
              <value>
                <![CDATA[public void com.ninja.qa.TestPages.TestRegisterPage.testregisterUser(java.lang.String,java.lang.String,java.lang.String,java.lang.String,java.lang.String,java.lang.String) throws java.lang.InterruptedException]]>
              </value>
            </param>
            <param index="1">
              <value>
                <![CDATA[[TestResult name=testregisterUser status=SUCCESS method=TestRegisterPage.testregisterUser(java.lang.String,java.lang.String,java.lang.String,java.lang.String,java.lang.String,java.lang.String)[pri:49, instance:com.ninja.qa.TestPages.TestRegisterPage@2af004b] output={null}]]]>
              </value>
            </param>
          </params>
          <reporter-output>
          </reporter-output>
        </test-method> <!-- generateTestStatus -->
      </class> <!-- com.ninja.qa.TestPages.TestRegisterPage -->
      <class name="com.ninja.qa.TestPages.HomePageTest">
        <test-method is-config="true" signature="InitalizeExtentReport()[pri:0, instance:com.ninja.qa.TestPages.HomePageTest@644baf4a]" started-at="2023-10-11T15:28:24 IST" name="InitalizeExtentReport" finished-at="2023-10-11T15:28:24 IST" duration-ms="359" status="PASS">
          <reporter-output>
          </reporter-output>
        </test-method> <!-- InitalizeExtentReport -->
        <test-method is-config="true" signature="getnameMethod(org.testng.ITestContext)[pri:0, instance:com.ninja.qa.TestPages.HomePageTest@644baf4a]" started-at="2023-10-11T15:28:24 IST" name="getnameMethod" finished-at="2023-10-11T15:28:24 IST" duration-ms="19" status="PASS">
          <params>
            <param index="0">
              <value>
                <![CDATA[org.testng.TestRunner@4228f269]]>
              </value>
            </param>
          </params>
          <reporter-output>
          </reporter-output>
        </test-method> <!-- getnameMethod -->
        <test-method is-config="true" signature="OpenApp()[pri:0, instance:com.ninja.qa.TestPages.HomePageTest@644baf4a]" started-at="2023-10-11T15:28:24 IST" name="OpenApp" finished-at="2023-10-11T15:28:28 IST" duration-ms="4256" status="PASS">
          <reporter-output>
          </reporter-output>
        </test-method> <!-- OpenApp -->
        <test-method signature="testTitle()[pri:49, instance:com.ninja.qa.TestPages.HomePageTest@644baf4a]" started-at="2023-10-11T15:28:28 IST" name="testTitle" finished-at="2023-10-11T15:28:28 IST" duration-ms="15" status="PASS">
          <reporter-output>
          </reporter-output>
        </test-method> <!-- testTitle -->
        <test-method is-config="true" signature="CloseApp()[pri:0, instance:com.ninja.qa.TestPages.HomePageTest@644baf4a]" started-at="2023-10-11T15:28:28 IST" name="CloseApp" finished-at="2023-10-11T15:28:29 IST" duration-ms="184" status="PASS">
          <reporter-output>
          </reporter-output>
        </test-method> <!-- CloseApp -->
        <test-method is-config="true" signature="generateTestStatus(java.lang.reflect.Method,org.testng.ITestResult)[pri:0, instance:com.ninja.qa.TestPages.HomePageTest@644baf4a]" started-at="2023-10-11T15:28:29 IST" name="generateTestStatus" finished-at="2023-10-11T15:28:29 IST" duration-ms="8" status="PASS">
          <params>
            <param index="0">
              <value>
                <![CDATA[public void com.ninja.qa.TestPages.HomePageTest.testTitle()]]>
              </value>
            </param>
            <param index="1">
              <value>
                <![CDATA[[TestResult name=testTitle status=SUCCESS method=HomePageTest.testTitle()[pri:49, instance:com.ninja.qa.TestPages.HomePageTest@644baf4a] output={null}]]]>
              </value>
            </param>
          </params>
          <reporter-output>
          </reporter-output>
        </test-method> <!-- generateTestStatus -->
        <test-method is-config="true" signature="OpenApp()[pri:0, instance:com.ninja.qa.TestPages.HomePageTest@644baf4a]" started-at="2023-10-11T15:28:29 IST" name="OpenApp" finished-at="2023-10-11T15:28:31 IST" duration-ms="2384" status="PASS">
          <reporter-output>
          </reporter-output>
        </test-method> <!-- OpenApp -->
        <test-method signature="testRegisterLink()[pri:50, instance:com.ninja.qa.TestPages.HomePageTest@644baf4a]" started-at="2023-10-11T15:28:31 IST" name="testRegisterLink" finished-at="2023-10-11T15:28:32 IST" duration-ms="1092" status="PASS">
          <reporter-output>
          </reporter-output>
        </test-method> <!-- testRegisterLink -->
        <test-method is-config="true" signature="CloseApp()[pri:0, instance:com.ninja.qa.TestPages.HomePageTest@644baf4a]" started-at="2023-10-11T15:28:32 IST" name="CloseApp" finished-at="2023-10-11T15:28:32 IST" duration-ms="174" status="PASS">
          <reporter-output>
          </reporter-output>
        </test-method> <!-- CloseApp -->
        <test-method is-config="true" signature="generateTestStatus(java.lang.reflect.Method,org.testng.ITestResult)[pri:0, instance:com.ninja.qa.TestPages.HomePageTest@644baf4a]" started-at="2023-10-11T15:28:32 IST" name="generateTestStatus" finished-at="2023-10-11T15:28:32 IST" duration-ms="1" status="PASS">
          <params>
            <param index="0">
              <value>
                <![CDATA[public void com.ninja.qa.TestPages.HomePageTest.testRegisterLink()]]>
              </value>
            </param>
            <param index="1">
              <value>
                <![CDATA[[TestResult name=testRegisterLink status=SUCCESS method=HomePageTest.testRegisterLink()[pri:50, instance:com.ninja.qa.TestPages.HomePageTest@644baf4a] output={null}]]]>
              </value>
            </param>
          </params>
          <reporter-output>
          </reporter-output>
        </test-method> <!-- generateTestStatus -->
        <test-method is-config="true" signature="OpenApp()[pri:0, instance:com.ninja.qa.TestPages.HomePageTest@644baf4a]" started-at="2023-10-11T15:28:32 IST" name="OpenApp" finished-at="2023-10-11T15:28:37 IST" duration-ms="4858" status="PASS">
          <reporter-output>
          </reporter-output>
        </test-method> <!-- OpenApp -->
        <test-method signature="testLoginLink()[pri:51, instance:com.ninja.qa.TestPages.HomePageTest@644baf4a]" started-at="2023-10-11T15:28:37 IST" name="testLoginLink" finished-at="2023-10-11T15:28:38 IST" duration-ms="485" status="PASS">
          <reporter-output>
          </reporter-output>
        </test-method> <!-- testLoginLink -->
        <test-method is-config="true" signature="CloseApp()[pri:0, instance:com.ninja.qa.TestPages.HomePageTest@644baf4a]" started-at="2023-10-11T15:28:38 IST" name="CloseApp" finished-at="2023-10-11T15:28:38 IST" duration-ms="201" status="PASS">
          <reporter-output>
          </reporter-output>
        </test-method> <!-- CloseApp -->
        <test-method is-config="true" signature="generateTestStatus(java.lang.reflect.Method,org.testng.ITestResult)[pri:0, instance:com.ninja.qa.TestPages.HomePageTest@644baf4a]" started-at="2023-10-11T15:28:38 IST" name="generateTestStatus" finished-at="2023-10-11T15:28:38 IST" duration-ms="0" status="PASS">
          <params>
            <param index="0">
              <value>
                <![CDATA[public void com.ninja.qa.TestPages.HomePageTest.testLoginLink()]]>
              </value>
            </param>
            <param index="1">
              <value>
                <![CDATA[[TestResult name=testLoginLink status=SUCCESS method=HomePageTest.testLoginLink()[pri:51, instance:com.ninja.qa.TestPages.HomePageTest@644baf4a] output={null}]]]>
              </value>
            </param>
          </params>
          <reporter-output>
          </reporter-output>
        </test-method> <!-- generateTestStatus -->
        <test-method is-config="true" signature="OpenApp()[pri:0, instance:com.ninja.qa.TestPages.HomePageTest@644baf4a]" started-at="2023-10-11T15:28:38 IST" name="OpenApp" finished-at="2023-10-11T15:28:44 IST" duration-ms="5733" status="PASS">
          <reporter-output>
          </reporter-output>
        </test-method> <!-- OpenApp -->
        <test-method signature="testMacLink()[pri:52, instance:com.ninja.qa.TestPages.HomePageTest@644baf4a]" started-at="2023-10-11T15:28:44 IST" name="testMacLink" finished-at="2023-10-11T15:28:46 IST" duration-ms="1984" status="PASS">
          <reporter-output>
          </reporter-output>
        </test-method> <!-- testMacLink -->
        <test-method is-config="true" signature="CloseApp()[pri:0, instance:com.ninja.qa.TestPages.HomePageTest@644baf4a]" started-at="2023-10-11T15:28:46 IST" name="CloseApp" finished-at="2023-10-11T15:28:46 IST" duration-ms="189" status="PASS">
          <reporter-output>
          </reporter-output>
        </test-method> <!-- CloseApp -->
        <test-method is-config="true" signature="generateTestStatus(java.lang.reflect.Method,org.testng.ITestResult)[pri:0, instance:com.ninja.qa.TestPages.HomePageTest@644baf4a]" started-at="2023-10-11T15:28:46 IST" name="generateTestStatus" finished-at="2023-10-11T15:28:46 IST" duration-ms="0" status="PASS">
          <params>
            <param index="0">
              <value>
                <![CDATA[public void com.ninja.qa.TestPages.HomePageTest.testMacLink() throws java.lang.InterruptedException]]>
              </value>
            </param>
            <param index="1">
              <value>
                <![CDATA[[TestResult name=testMacLink status=SUCCESS method=HomePageTest.testMacLink()[pri:52, instance:com.ninja.qa.TestPages.HomePageTest@644baf4a] output={null}]]]>
              </value>
            </param>
          </params>
          <reporter-output>
          </reporter-output>
        </test-method> <!-- generateTestStatus -->
        <test-method is-config="true" signature="generateReports()[pri:0, instance:com.ninja.qa.TestPages.HomePageTest@644baf4a]" started-at="2023-10-11T15:29:19 IST" name="generateReports" finished-at="2023-10-11T15:29:20 IST" duration-ms="833" status="PASS">
          <reporter-output>
          </reporter-output>
        </test-method> <!-- generateReports -->
      </class> <!-- com.ninja.qa.TestPages.HomePageTest -->
      <class name="com.ninja.qa.TestPages.TestSearchPage">
        <test-method is-config="true" signature="OpenApp()[pri:0, instance:com.ninja.qa.TestPages.TestSearchPage@5d0bf09b]" started-at="2023-10-11T15:29:11 IST" name="OpenApp" finished-at="2023-10-11T15:29:16 IST" duration-ms="5562" status="PASS">
          <reporter-output>
          </reporter-output>
        </test-method> <!-- OpenApp -->
        <test-method signature="searchProduct()[pri:0, instance:com.ninja.qa.TestPages.TestSearchPage@5d0bf09b]" started-at="2023-10-11T15:29:16 IST" name="searchProduct" finished-at="2023-10-11T15:29:19 IST" duration-ms="2506" status="PASS">
          <reporter-output>
          </reporter-output>
        </test-method> <!-- searchProduct -->
        <test-method is-config="true" signature="CloseApp()[pri:0, instance:com.ninja.qa.TestPages.TestSearchPage@5d0bf09b]" started-at="2023-10-11T15:29:19 IST" name="CloseApp" finished-at="2023-10-11T15:29:19 IST" duration-ms="184" status="PASS">
          <reporter-output>
          </reporter-output>
        </test-method> <!-- CloseApp -->
        <test-method is-config="true" signature="generateTestStatus(java.lang.reflect.Method,org.testng.ITestResult)[pri:0, instance:com.ninja.qa.TestPages.TestSearchPage@5d0bf09b]" started-at="2023-10-11T15:29:19 IST" name="generateTestStatus" finished-at="2023-10-11T15:29:19 IST" duration-ms="1" status="PASS">
          <params>
            <param index="0">
              <value>
                <![CDATA[public void com.ninja.qa.TestPages.TestSearchPage.searchProduct() throws java.lang.InterruptedException]]>
              </value>
            </param>
            <param index="1">
              <value>
                <![CDATA[[TestResult name=searchProduct status=SUCCESS method=TestSearchPage.searchProduct()[pri:0, instance:com.ninja.qa.TestPages.TestSearchPage@5d0bf09b] output={null}]]]>
              </value>
            </param>
          </params>
          <reporter-output>
          </reporter-output>
        </test-method> <!-- generateTestStatus -->
      </class> <!-- com.ninja.qa.TestPages.TestSearchPage -->
      <class name="com.ninja.qa.TestPages.TestProductPage">
        <test-method is-config="true" signature="OpenApp()[pri:0, instance:com.ninja.qa.TestPages.TestProductPage@248e319b]" started-at="2023-10-11T15:29:03 IST" name="OpenApp" finished-at="2023-10-11T15:29:06 IST" duration-ms="3124" status="PASS">
          <reporter-output>
          </reporter-output>
        </test-method> <!-- OpenApp -->
        <test-method signature="testproduct_addtocart()[pri:0, instance:com.ninja.qa.TestPages.TestProductPage@248e319b]" started-at="2023-10-11T15:29:06 IST" name="testproduct_addtocart" finished-at="2023-10-11T15:29:10 IST" duration-ms="4243" status="PASS">
          <reporter-output>
          </reporter-output>
        </test-method> <!-- testproduct_addtocart -->
        <test-method is-config="true" signature="CloseApp()[pri:0, instance:com.ninja.qa.TestPages.TestProductPage@248e319b]" started-at="2023-10-11T15:29:10 IST" name="CloseApp" finished-at="2023-10-11T15:29:11 IST" duration-ms="206" status="PASS">
          <reporter-output>
          </reporter-output>
        </test-method> <!-- CloseApp -->
        <test-method is-config="true" signature="generateTestStatus(java.lang.reflect.Method,org.testng.ITestResult)[pri:0, instance:com.ninja.qa.TestPages.TestProductPage@248e319b]" started-at="2023-10-11T15:29:11 IST" name="generateTestStatus" finished-at="2023-10-11T15:29:11 IST" duration-ms="1" status="PASS">
          <params>
            <param index="0">
              <value>
                <![CDATA[public void com.ninja.qa.TestPages.TestProductPage.testproduct_addtocart() throws java.lang.InterruptedException]]>
              </value>
            </param>
            <param index="1">
              <value>
                <![CDATA[[TestResult name=testproduct_addtocart status=SUCCESS method=TestProductPage.testproduct_addtocart()[pri:0, instance:com.ninja.qa.TestPages.TestProductPage@248e319b] output={null}]]]>
              </value>
            </param>
          </params>
          <reporter-output>
          </reporter-output>
        </test-method> <!-- generateTestStatus -->
      </class> <!-- com.ninja.qa.TestPages.TestProductPage -->
    </test> <!-- POMframework -->
  </suite> <!-- test1 -->
</testng-results>
