<?xml version="1.0" encoding="UTF-8"?>
<!-- Generated by org.testng.reporters.JUnitXMLReporter -->
<testsuite ignored="0" hostname="Suraj" failures="0" tests="3" name="Default test" time="0.123" errors="0" timestamp="2023-10-12T12:50:18 IST">
  <testcase classname="com.app.TDD.demo.TestPopulationSearch" name="findpopulation" time="0.018"/>
  <testcase classname="com.app.TDD.demo.TestPopulationSearch" name="findpopulationEmptyInput" time="0.003"/>
  <testcase classname="com.app.TDD.demo.TestPopulationSearch" name="findpopulationInvalidInput" time="0.003"/>
</testsuite> <!-- Default test -->
