<?xml version="1.0" encoding="UTF-8"?>
<!-- Generated by org.testng.reporters.JUnitXMLReporter -->
<testsuite ignored="9" hostname="Suraj" failures="1" tests="7" name="POMframework" time="36.123" errors="0" timestamp="2023-10-10T20:31:28 IST">
  <testcase classname="com.ninja.qa.TestPages.HomePageTest" name="testTitle" time="0.024"/>
  <testcase classname="com.ninja.qa.TestPages.HomePageTest" name="testRegisterLink" time="0.674"/>
  <testcase classname="com.ninja.qa.TestPages.HomePageTest" name="testLoginLink" time="0.406"/>
  <testcase classname="com.ninja.qa.TestPages.HomePageTest" name="testMacLink" time="2.48"/>
  <testcase classname="com.ninja.qa.TestPages.TestRegisterPage" name="testregisterUser" time="0.0">
    <failure type="java.lang.RuntimeException" message="java.io.FileNotFoundException: C:\Users\suraj\Desktop\Excels\Registerninja.xlsx (The system cannot find the file specified)">
      <![CDATA[java.lang.RuntimeException: java.io.FileNotFoundException: C:\Users\suraj\Desktop\Excels\Registerninja.xlsx (The system cannot find the file specified)
at java.base/java.util.ArrayList.forEach(ArrayList.java:1541)
Caused by: java.io.FileNotFoundException: C:\Users\suraj\Desktop\Excels\Registerninja.xlsx (The system cannot find the file specified)
at java.base/java.io.FileInputStream.open0(Native Method)
at java.base/java.io.FileInputStream.open(FileInputStream.java:219)
at java.base/java.io.FileInputStream.<init>(FileInputStream.java:157)
at java.base/java.io.FileInputStream.<init>(FileInputStream.java:112)
at com.ninja.qa.Utilities.Xls_DataProvider.getTestData(Xls_DataProvider.java:22)
at com.ninja.qa.TestPages.TestRegisterPage.datasupplier(TestRegisterPage.java:49)
... 25 more
... Removed 32 stack frames]]>
    </failure>
  </testcase> <!-- testregisterUser -->
  <testcase classname="com.ninja.qa.TestPages.TestProductPage" name="testproduct_addtocart" time="4.869"/>
  <testcase classname="com.ninja.qa.TestPages.TestSearchPage" name="searchProduct" time="2.96"/>
  <testcase classname="com.ninja.qa.Base.TestBase" name="@BeforeSuite InitalizeExtentReport" time="0.0">
    <ignored/>
  </testcase> <!-- @BeforeSuite InitalizeExtentReport -->
  <testcase classname="com.ninja.qa.Base.TestBase" name="@BeforeTest getnameMethod" time="0.0">
    <ignored/>
  </testcase> <!-- @BeforeTest getnameMethod -->
  <testcase classname="com.ninja.qa.Base.TestBase" name="@BeforeTest getnameMethod" time="0.0">
    <ignored/>
  </testcase> <!-- @BeforeTest getnameMethod -->
  <testcase classname="com.ninja.qa.Base.TestBase" name="@AfterSuite generateReports" time="0.0">
    <ignored/>
  </testcase> <!-- @AfterSuite generateReports -->
  <testcase classname="com.ninja.qa.Base.TestBase" name="@BeforeSuite InitalizeExtentReport" time="0.0">
    <ignored/>
  </testcase> <!-- @BeforeSuite InitalizeExtentReport -->
  <testcase classname="com.ninja.qa.Base.TestBase" name="@AfterSuite generateReports" time="0.0">
    <ignored/>
  </testcase> <!-- @AfterSuite generateReports -->
  <testcase classname="com.ninja.qa.Base.TestBase" name="@BeforeTest getnameMethod" time="0.0">
    <ignored/>
  </testcase> <!-- @BeforeTest getnameMethod -->
  <testcase classname="com.ninja.qa.Base.TestBase" name="@AfterSuite generateReports" time="0.0">
    <ignored/>
  </testcase> <!-- @AfterSuite generateReports -->
  <testcase classname="com.ninja.qa.Base.TestBase" name="@BeforeSuite InitalizeExtentReport" time="0.0">
    <ignored/>
  </testcase> <!-- @BeforeSuite InitalizeExtentReport -->
</testsuite> <!-- POMframework -->
