<?xml version="1.0" encoding="UTF-8"?>
<!-- Generated by org.testng.reporters.JUnitXMLReporter -->
<testsuite ignored="6" hostname="Suraj" failures="0" tests="3" name="TestCycle1" time="31.112" errors="0" timestamp="2023-10-05T12:21:12 IST">
  <testcase classname="com.app.TestNGScripts.TestAnnotation" name="login" time="12.759"/>
  <testcase classname="com.app.TestNGScripts.BeforeAftermethodAnnoatation" name="logout" time="5.46"/>
  <testcase classname="com.app.TestNGScripts.BeforeAfterClassAnnoation" name="GetTitle" time="0.017"/>
  <testcase classname="com.app.TestNGScripts.BeforeAfterClassAnnoation" name="logout" time="0.0">
    <ignored/>
  </testcase> <!-- logout -->
  <testcase classname="com.app.TestNGScripts.BeforeAfterClassAnnoation" name="login" time="0.0">
    <ignored/>
  </testcase> <!-- login -->
  <testcase classname="com.app.TestNGScripts.BeforeAftermethodAnnoatation" name="GetTitle" time="0.0">
    <ignored/>
  </testcase> <!-- GetTitle -->
  <testcase classname="com.app.TestNGScripts.TestAnnotation" name="logout" time="0.0">
    <ignored/>
  </testcase> <!-- logout -->
  <testcase classname="com.app.TestNGScripts.TestAnnotation" name="GetTitle" time="0.0">
    <ignored/>
  </testcase> <!-- GetTitle -->
  <testcase classname="com.app.TestNGScripts.BeforeAftermethodAnnoatation" name="login" time="0.0">
    <ignored/>
  </testcase> <!-- login -->
</testsuite> <!-- TestCycle1 -->
