<?xml version="1.0" encoding="UTF-8"?>
<testng-results ignored="0" total="1" passed="1" failed="0" skipped="0">
  <reporter-output>
  </reporter-output>
  <suite started-at="2023-10-12T11:29:32 IST" name="Surefire suite" finished-at="2023-10-12T11:29:32 IST" duration-ms="107">
    <groups>
    </groups>
    <test started-at="2023-10-12T11:29:32 IST" name="Surefire test" finished-at="2023-10-12T11:29:32 IST" duration-ms="107">
      <class name="com.app.TDD.demo.TestUsernamefeature">
        <test-method signature="UsernameTest()[pri:0, instance:com.app.TDD.demo.TestUsernamefeature@6f27a732]" started-at="2023-10-12T11:29:32 IST" name="UsernameTest" finished-at="2023-10-12T11:29:32 IST" duration-ms="14" status="PASS">
          <reporter-output>
          </reporter-output>
        </test-method> <!-- UsernameTest -->
      </class> <!-- com.app.TDD.demo.TestUsernamefeature -->
    </test> <!-- Surefire test -->
  </suite> <!-- Surefire suite -->
</testng-results>
